<?xml version="1.0" encoding="UTF-8"?>
<!-- Generated by org.testng.reporters.JUnitXMLReporter -->
<testsuite hostname="EPBYMINW3743" ignored="13" name="CalculatorMethods" tests="4" failures="1" timestamp="05 Apr 2017 08:04:45 GMT" time="0.08" errors="0">
  <testcase name="testDivMethod" time="0.01" classname="com.epam.tat.unittest.tests.CalculatorTest"/>
  <testcase name="testDivMethod" time="0.0" classname="com.epam.tat.unittest.tests.CalculatorTest"/>
  <testcase name="testDivMethod" time="0.0" classname="com.epam.tat.unittest.tests.CalculatorTest"/>
  <testcase name="testDivMethod" time="0.0" classname="com.epam.tat.unittest.tests.CalculatorTest">
    <failure type="java.lang.AssertionError" message="Invalid result of the operation, correct result: 0.0 expected [true] but found [false]">
      <![CDATA[java.lang.AssertionError: Invalid result of the operation, correct result: 0.0 expected [true] but found [false]
	at org.testng.Assert.fail(Assert.java:94)
	at org.testng.Assert.failNotEquals(Assert.java:513)
	at org.testng.Assert.assertTrue(Assert.java:42)
	at com.epam.tat.unittest.tests.CalculatorTest.testDivMethod(CalculatorTest.java:37)
	at sun.reflect.NativeMethodAccessorImpl.invoke0(Native Method)
	at sun.reflect.NativeMethodAccessorImpl.invoke(Unknown Source)
	at sun.reflect.DelegatingMethodAccessorImpl.invoke(Unknown Source)
	at java.lang.reflect.Method.invoke(Unknown Source)
	at org.testng.internal.MethodInvocationHelper.invokeMethod(MethodInvocationHelper.java:104)
	at org.testng.internal.Invoker.invokeMethod(Invoker.java:645)
	at org.testng.internal.Invoker.invokeTestMethod(Invoker.java:851)
	at org.testng.internal.Invoker.invokeTestMethods(Invoker.java:1177)
	at org.testng.internal.TestMethodWorker.invokeTestMethods(TestMethodWorker.java:129)
	at org.testng.internal.TestMethodWorker.run(TestMethodWorker.java:112)
	at org.testng.TestRunner.privateRun(TestRunner.java:756)
	at org.testng.TestRunner.run(TestRunner.java:610)
	at org.testng.SuiteRunner.runTest(SuiteRunner.java:387)
	at org.testng.SuiteRunner.runSequentially(SuiteRunner.java:382)
	at org.testng.SuiteRunner.privateRun(SuiteRunner.java:340)
	at org.testng.SuiteRunner.run(SuiteRunner.java:289)
	at org.testng.SuiteRunnerWorker.runSuite(SuiteRunnerWorker.java:52)
	at org.testng.SuiteRunnerWorker.run(SuiteRunnerWorker.java:86)
	at org.testng.TestNG.runSuitesSequentially(TestNG.java:1293)
	at org.testng.TestNG.runSuitesLocally(TestNG.java:1218)
	at org.testng.TestNG.runSuites(TestNG.java:1133)
	at org.testng.TestNG.run(TestNG.java:1104)
	at org.testng.remote.AbstractRemoteTestNG.run(AbstractRemoteTestNG.java:132)
	at org.testng.remote.RemoteTestNG.initAndRun(RemoteTestNG.java:236)
	at org.testng.remote.RemoteTestNG.main(RemoteTestNG.java:81)
]]>
    </failure>
  </testcase> <!-- testDivMethod -->
  <testcase name="testIsNegativeMethodNeg" time="0.0" classname="com.epam.tat.unittest.tests.CalculatorTest">
    <ignored/>
  </testcase> <!-- testIsNegativeMethodNeg -->
  <testcase name="testSumMethod" time="0.0" classname="com.epam.tat.unittest.tests.CalculatorTest">
    <ignored/>
  </testcase> <!-- testSumMethod -->
  <testcase name="testIsPositiveMethodNeg" time="0.0" classname="com.epam.tat.unittest.tests.CalculatorTest">
    <ignored/>
  </testcase> <!-- testIsPositiveMethodNeg -->
  <testcase name="testParallel" time="0.0" classname="com.epam.tat.unittest.tests.CalculatorTest">
    <ignored/>
  </testcase> <!-- testParallel -->
  <testcase name="testMultMethod" time="0.0" classname="com.epam.tat.unittest.tests.CalculatorTest">
    <ignored/>
  </testcase> <!-- testMultMethod -->
  <testcase name="testIsNegativeMethod" time="0.0" classname="com.epam.tat.unittest.tests.CalculatorTest">
    <ignored/>
  </testcase> <!-- testIsNegativeMethod -->
  <testcase name="TestDivByZero" time="0.0" classname="com.epam.tat.unittest.tests.CalculatorTest">
    <ignored/>
  </testcase> <!-- TestDivByZero -->
  <testcase name="testParallel4" time="0.0" classname="com.epam.tat.unittest.tests.CalculatorTest">
    <ignored/>
  </testcase> <!-- testParallel4 -->
  <testcase name="testIsPositiveMethod" time="0.0" classname="com.epam.tat.unittest.tests.CalculatorTest">
    <ignored/>
  </testcase> <!-- testIsPositiveMethod -->
  <testcase name="testParallel1" time="0.0" classname="com.epam.tat.unittest.tests.CalculatorTest">
    <ignored/>
  </testcase> <!-- testParallel1 -->
  <testcase name="testParallel2" time="0.0" classname="com.epam.tat.unittest.tests.CalculatorTest">
    <ignored/>
  </testcase> <!-- testParallel2 -->
  <testcase name="testParallel3" time="0.0" classname="com.epam.tat.unittest.tests.CalculatorTest">
    <ignored/>
  </testcase> <!-- testParallel3 -->
  <testcase name="TestDivByZeroLong" time="0.0" classname="com.epam.tat.unittest.tests.CalculatorTest">
    <ignored/>
  </testcase> <!-- TestDivByZeroLong -->
</testsuite> <!-- CalculatorMethods -->
